rm -f part_a_wave
nvcc -O3 -lineinfo -o part_a_wave part_a_wave.cu
DEVICE name="NVIDIA A100-SXM4-40GB" sm_count=108 warp_size=32 max_threads_per_sm=2048 shared_mem_per_sm=167936
SETUP length=1.00 dx=0.01000 dy=0.01000 dt=0.00500 c=1.00 lambda=0.500000 lambda2=0.250000 nx=101 ny=101 steps=1000
RESULT kernel=A1_global block=8x8 length=1.00 nx=101 ny=101 steps=1000 kernel_ms_total=4.158464 kernel_ms_step=0.004158 sim_ms_total=7506.679653 bandwidth_GBps=113.130234 occupancy_pct=100.00 active_blocks_per_sm=32 checksum=-3.932121435635e+03 max_error=0.000000000000e+00
RESULT kernel=A2_shared block=8x8 length=1.00 nx=101 ny=101 steps=1000 kernel_ms_total=5.457920 kernel_ms_step=0.005458 sim_ms_total=5.711126 bandwidth_GBps=86.195473 occupancy_pct=100.00 active_blocks_per_sm=32 checksum=-3.932121435635e+03 max_error=0.000000000000e+00
RESULT kernel=A1_global block=16x16 length=1.00 nx=101 ny=101 steps=1000 kernel_ms_total=3.852288 kernel_ms_step=0.003852 sim_ms_total=4.033048 bandwidth_GBps=122.121710 occupancy_pct=100.00 active_blocks_per_sm=8 checksum=-3.932121435635e+03 max_error=0.000000000000e+00
RESULT kernel=A2_shared block=16x16 length=1.00 nx=101 ny=101 steps=1000 kernel_ms_total=5.411840 kernel_ms_step=0.005412 sim_ms_total=5.585812 bandwidth_GBps=86.929400 occupancy_pct=100.00 active_blocks_per_sm=8 checksum=-3.932121435635e+03 max_error=0.000000000000e+00
RESULT kernel=A1_global block=32x8 length=1.00 nx=101 ny=101 steps=1000 kernel_ms_total=3.765248 kernel_ms_step=0.003765 sim_ms_total=3.929828 bandwidth_GBps=124.944756 occupancy_pct=100.00 active_blocks_per_sm=8 checksum=-3.932121435635e+03 max_error=0.000000000000e+00
RESULT kernel=A2_shared block=32x8 length=1.00 nx=101 ny=101 steps=1000 kernel_ms_total=5.675008 kernel_ms_step=0.005675 sim_ms_total=5.830748 bandwidth_GBps=82.898212 occupancy_pct=100.00 active_blocks_per_sm=8 checksum=-3.932121435635e+03 max_error=0.000000000000e+00
DEVICE name="NVIDIA A100-SXM4-40GB" sm_count=108 warp_size=32 max_threads_per_sm=2048 shared_mem_per_sm=167936
SETUP length=2.00 dx=0.01000 dy=0.01000 dt=0.00500 c=1.00 lambda=0.500000 lambda2=0.250000 nx=201 ny=201 steps=1000
RESULT kernel=A1_global block=8x8 length=2.00 nx=201 ny=201 steps=1000 kernel_ms_total=4.865024 kernel_ms_step=0.004865 sim_ms_total=6.932907 bandwidth_GBps=390.717079 occupancy_pct=100.00 active_blocks_per_sm=32 checksum=-9.517101516587e-12 max_error=0.000000000000e+00
RESULT kernel=A2_shared block=8x8 length=2.00 nx=201 ny=201 steps=1000 kernel_ms_total=5.950464 kernel_ms_step=0.005950 sim_ms_total=6.300319 bandwidth_GBps=319.445353 occupancy_pct=100.00 active_blocks_per_sm=32 checksum=-9.517101516587e-12 max_error=0.000000000000e+00
RESULT kernel=A1_global block=16x16 length=2.00 nx=201 ny=201 steps=1000 kernel_ms_total=4.137984 kernel_ms_step=0.004138 sim_ms_total=4.422855 bandwidth_GBps=459.365742 occupancy_pct=100.00 active_blocks_per_sm=8 checksum=-9.517101516587e-12 max_error=0.000000000000e+00
RESULT kernel=A2_shared block=16x16 length=2.00 nx=201 ny=201 steps=1000 kernel_ms_total=5.816320 kernel_ms_step=0.005816 sim_ms_total=6.143234 bandwidth_GBps=326.812833 occupancy_pct=100.00 active_blocks_per_sm=8 checksum=-9.517101516587e-12 max_error=0.000000000000e+00
RESULT kernel=A1_global block=32x8 length=2.00 nx=201 ny=201 steps=1000 kernel_ms_total=4.151296 kernel_ms_step=0.004151 sim_ms_total=4.408487 bandwidth_GBps=457.892652 occupancy_pct=100.00 active_blocks_per_sm=8 checksum=-9.517101516587e-12 max_error=0.000000000000e+00
RESULT kernel=A2_shared block=32x8 length=2.00 nx=201 ny=201 steps=1000 kernel_ms_total=5.853184 kernel_ms_step=0.005853 sim_ms_total=6.092466 bandwidth_GBps=324.754514 occupancy_pct=100.00 active_blocks_per_sm=8 checksum=-9.517101516587e-12 max_error=0.000000000000e+00
DEVICE name="NVIDIA A100-SXM4-40GB" sm_count=108 warp_size=32 max_threads_per_sm=2048 shared_mem_per_sm=167936
SETUP length=4.00 dx=0.01000 dy=0.01000 dt=0.00500 c=1.00 lambda=0.500000 lambda2=0.250000 nx=401 ny=401 steps=1000
RESULT kernel=A1_global block=8x8 length=4.00 nx=401 ny=401 steps=1000 kernel_ms_total=6.339584 kernel_ms_step=0.006340 sim_ms_total=8.783138 bandwidth_GBps=1205.386371 occupancy_pct=100.00 active_blocks_per_sm=32 checksum=-1.154199999465e-11 max_error=0.000000000000e+00
RESULT kernel=A2_shared block=8x8 length=4.00 nx=401 ny=401 steps=1000 kernel_ms_total=8.030208 kernel_ms_step=0.008030 sim_ms_total=9.032984 bandwidth_GBps=951.612754 occupancy_pct=100.00 active_blocks_per_sm=32 checksum=-1.154199999465e-11 max_error=0.000000000000e+00
RESULT kernel=A1_global block=16x16 length=4.00 nx=401 ny=401 steps=1000 kernel_ms_total=5.387264 kernel_ms_step=0.005387 sim_ms_total=6.055213 bandwidth_GBps=1418.465536 occupancy_pct=100.00 active_blocks_per_sm=8 checksum=-1.154199999465e-11 max_error=0.000000000000e+00
RESULT kernel=A2_shared block=16x16 length=4.00 nx=401 ny=401 steps=1000 kernel_ms_total=7.061504 kernel_ms_step=0.007062 sim_ms_total=8.040998 bandwidth_GBps=1082.155887 occupancy_pct=100.00 active_blocks_per_sm=8 checksum=-1.154199999465e-11 max_error=0.000000000000e+00
RESULT kernel=A1_global block=32x8 length=4.00 nx=401 ny=401 steps=1000 kernel_ms_total=5.220352 kernel_ms_step=0.005220 sim_ms_total=5.885825 bandwidth_GBps=1463.818483 occupancy_pct=100.00 active_blocks_per_sm=8 checksum=-1.154199999465e-11 max_error=0.000000000000e+00
RESULT kernel=A2_shared block=32x8 length=4.00 nx=401 ny=401 steps=1000 kernel_ms_total=6.683648 kernel_ms_step=0.006684 sim_ms_total=7.340638 bandwidth_GBps=1143.334879 occupancy_pct=100.00 active_blocks_per_sm=8 checksum=-1.154199999465e-11 max_error=0.000000000000e+00
DEVICE name="NVIDIA A100-SXM4-40GB" sm_count=108 warp_size=32 max_threads_per_sm=2048 shared_mem_per_sm=167936
SETUP length=8.00 dx=0.01000 dy=0.01000 dt=0.00500 c=1.00 lambda=0.500000 lambda2=0.250000 nx=801 ny=801 steps=1000
RESULT kernel=A1_global block=8x8 length=8.00 nx=801 ny=801 steps=1000 kernel_ms_total=13.537280 kernel_ms_step=0.013537 sim_ms_total=18.340610 bandwidth_GBps=2263.619266 occupancy_pct=100.00 active_blocks_per_sm=32 checksum=1.533590483337e-10 max_error=0.000000000000e+00
RESULT kernel=A2_shared block=8x8 length=8.00 nx=801 ny=801 steps=1000 kernel_ms_total=15.772672 kernel_ms_step=0.015773 sim_ms_total=18.237700 bandwidth_GBps=1942.806430 occupancy_pct=100.00 active_blocks_per_sm=32 checksum=1.533590483337e-10 max_error=0.000000000000e+00
RESULT kernel=A1_global block=16x16 length=8.00 nx=801 ny=801 steps=1000 kernel_ms_total=9.845760 kernel_ms_step=0.009846 sim_ms_total=11.887033 bandwidth_GBps=3112.329259 occupancy_pct=100.00 active_blocks_per_sm=8 checksum=1.533590483337e-10 max_error=0.000000000000e+00
RESULT kernel=A2_shared block=16x16 length=8.00 nx=801 ny=801 steps=1000 kernel_ms_total=13.997056 kernel_ms_step=0.013997 sim_ms_total=16.173073 bandwidth_GBps=2189.263798 occupancy_pct=100.00 active_blocks_per_sm=8 checksum=1.533590483337e-10 max_error=0.000000000000e+00
RESULT kernel=A1_global block=32x8 length=8.00 nx=801 ny=801 steps=1000 kernel_ms_total=8.978432 kernel_ms_step=0.008978 sim_ms_total=10.554356 bandwidth_GBps=3412.984474 occupancy_pct=100.00 active_blocks_per_sm=8 checksum=1.533590483337e-10 max_error=0.000000000000e+00
RESULT kernel=A2_shared block=32x8 length=8.00 nx=801 ny=801 steps=1000 kernel_ms_total=13.639680 kernel_ms_step=0.013640 sim_ms_total=15.690135 bandwidth_GBps=2246.625156 occupancy_pct=100.00 active_blocks_per_sm=8 checksum=1.533590483337e-10 max_error=0.000000000000e+00
