rm -f part_a_wave part_b_wave
nvcc -O3 -lineinfo -std=c++17 -o part_a_wave part_a_wave.cu
DEVICE name="NVIDIA A100-SXM4-40GB" sm_count=108 warp_size=32 max_threads_per_sm=2048 shared_mem_per_sm=167936
CONFIG steps=1000 run_global=1 run_shared=1 benchmark_blocks=1 lengths=1.00,2.00,4.00,8.00 blocks=8x8,16x16,32x8
SETUP length=1.00 dx=0.01000 dy=0.01000 dt=0.00500 c=1.00 lambda=0.500000 lambda2=0.250000 nx=101 ny=101 steps=1000
RESULT kernel=A1_global block=8x8 length=1.00 nx=101 ny=101 steps=1000 kernel_ms_total=3.879936 kernel_ms_step=0.003880 sim_ms_total=24.491315 bandwidth_GBps=121.251485 occupancy_pct=100.00 active_blocks_per_sm=32 checksum=-3.932121435635e+03 max_error=0.000000000000e+00
RESULT kernel=A2_shared block=8x8 length=1.00 nx=101 ny=101 steps=1000 kernel_ms_total=5.383168 kernel_ms_step=0.005383 sim_ms_total=5.575914 bandwidth_GBps=87.392402 occupancy_pct=100.00 active_blocks_per_sm=32 checksum=-3.932121435635e+03 max_error=0.000000000000e+00
RESULT kernel=A1_global block=16x16 length=1.00 nx=101 ny=101 steps=1000 kernel_ms_total=3.862528 kernel_ms_step=0.003863 sim_ms_total=4.032869 bandwidth_GBps=121.797949 occupancy_pct=100.00 active_blocks_per_sm=8 checksum=-3.932121435635e+03 max_error=0.000000000000e+00
RESULT kernel=A2_shared block=16x16 length=1.00 nx=101 ny=101 steps=1000 kernel_ms_total=5.220352 kernel_ms_step=0.005220 sim_ms_total=5.381688 bandwidth_GBps=90.118058 occupancy_pct=100.00 active_blocks_per_sm=8 checksum=-3.932121435635e+03 max_error=0.000000000000e+00
RESULT kernel=A1_global block=32x8 length=1.00 nx=101 ny=101 steps=1000 kernel_ms_total=3.864576 kernel_ms_step=0.003865 sim_ms_total=4.025995 bandwidth_GBps=121.733403 occupancy_pct=100.00 active_blocks_per_sm=8 checksum=-3.932121435635e+03 max_error=0.000000000000e+00
RESULT kernel=A2_shared block=32x8 length=1.00 nx=101 ny=101 steps=1000 kernel_ms_total=5.504000 kernel_ms_step=0.005504 sim_ms_total=5.662804 bandwidth_GBps=85.473834 occupancy_pct=100.00 active_blocks_per_sm=8 checksum=-3.932121435635e+03 max_error=0.000000000000e+00
SETUP length=2.00 dx=0.01000 dy=0.01000 dt=0.00500 c=1.00 lambda=0.500000 lambda2=0.250000 nx=201 ny=201 steps=1000
RESULT kernel=A1_global block=8x8 length=2.00 nx=201 ny=201 steps=1000 kernel_ms_total=4.646912 kernel_ms_step=0.004647 sim_ms_total=4.881576 bandwidth_GBps=409.056156 occupancy_pct=100.00 active_blocks_per_sm=32 checksum=-9.517101516587e-12 max_error=0.000000000000e+00
RESULT kernel=A2_shared block=8x8 length=2.00 nx=201 ny=201 steps=1000 kernel_ms_total=5.890048 kernel_ms_step=0.005890 sim_ms_total=6.117616 bandwidth_GBps=322.721987 occupancy_pct=100.00 active_blocks_per_sm=32 checksum=-9.517101516587e-12 max_error=0.000000000000e+00
RESULT kernel=A1_global block=16x16 length=2.00 nx=201 ny=201 steps=1000 kernel_ms_total=4.159488 kernel_ms_step=0.004159 sim_ms_total=4.383710 bandwidth_GBps=456.990838 occupancy_pct=100.00 active_blocks_per_sm=8 checksum=-9.517101516587e-12 max_error=0.000000000000e+00
RESULT kernel=A2_shared block=16x16 length=2.00 nx=201 ny=201 steps=1000 kernel_ms_total=5.629952 kernel_ms_step=0.005630 sim_ms_total=5.857602 bandwidth_GBps=337.631301 occupancy_pct=100.00 active_blocks_per_sm=8 checksum=-9.517101516587e-12 max_error=0.000000000000e+00
RESULT kernel=A1_global block=32x8 length=2.00 nx=201 ny=201 steps=1000 kernel_ms_total=4.159488 kernel_ms_step=0.004159 sim_ms_total=4.386846 bandwidth_GBps=456.990838 occupancy_pct=100.00 active_blocks_per_sm=8 checksum=-9.517101516587e-12 max_error=0.000000000000e+00
RESULT kernel=A2_shared block=32x8 length=2.00 nx=201 ny=201 steps=1000 kernel_ms_total=5.597184 kernel_ms_step=0.005597 sim_ms_total=5.820339 bandwidth_GBps=339.607906 occupancy_pct=100.00 active_blocks_per_sm=8 checksum=-9.517101516587e-12 max_error=0.000000000000e+00
SETUP length=4.00 dx=0.01000 dy=0.01000 dt=0.00500 c=1.00 lambda=0.500000 lambda2=0.250000 nx=401 ny=401 steps=1000
RESULT kernel=A1_global block=8x8 length=4.00 nx=401 ny=401 steps=1000 kernel_ms_total=6.334464 kernel_ms_step=0.006334 sim_ms_total=7.008666 bandwidth_GBps=1206.360619 occupancy_pct=100.00 active_blocks_per_sm=32 checksum=-1.154199999465e-11 max_error=0.000000000000e+00
RESULT kernel=A2_shared block=8x8 length=4.00 nx=401 ny=401 steps=1000 kernel_ms_total=8.012800 kernel_ms_step=0.008013 sim_ms_total=8.931709 bandwidth_GBps=953.680086 occupancy_pct=100.00 active_blocks_per_sm=32 checksum=-1.154199999465e-11 max_error=0.000000000000e+00
RESULT kernel=A1_global block=16x16 length=4.00 nx=401 ny=401 steps=1000 kernel_ms_total=5.405696 kernel_ms_step=0.005406 sim_ms_total=6.036519 bandwidth_GBps=1413.628905 occupancy_pct=100.00 active_blocks_per_sm=8 checksum=-1.154199999465e-11 max_error=0.000000000000e+00
RESULT kernel=A2_shared block=16x16 length=4.00 nx=401 ny=401 steps=1000 kernel_ms_total=7.067648 kernel_ms_step=0.007068 sim_ms_total=7.695550 bandwidth_GBps=1081.215147 occupancy_pct=100.00 active_blocks_per_sm=8 checksum=-1.154199999465e-11 max_error=0.000000000000e+00
RESULT kernel=A1_global block=32x8 length=4.00 nx=401 ny=401 steps=1000 kernel_ms_total=5.240832 kernel_ms_step=0.005241 sim_ms_total=5.867049 bandwidth_GBps=1458.098297 occupancy_pct=100.00 active_blocks_per_sm=8 checksum=-1.154199999465e-11 max_error=0.000000000000e+00
RESULT kernel=A2_shared block=32x8 length=4.00 nx=401 ny=401 steps=1000 kernel_ms_total=6.707200 kernel_ms_step=0.006707 sim_ms_total=7.328437 bandwidth_GBps=1139.320125 occupancy_pct=100.00 active_blocks_per_sm=8 checksum=-1.154199999465e-11 max_error=0.000000000000e+00
SETUP length=8.00 dx=0.01000 dy=0.01000 dt=0.00500 c=1.00 lambda=0.500000 lambda2=0.250000 nx=801 ny=801 steps=1000
RESULT kernel=A1_global block=8x8 length=8.00 nx=801 ny=801 steps=1000 kernel_ms_total=13.651968 kernel_ms_step=0.013652 sim_ms_total=15.589123 bandwidth_GBps=2244.602976 occupancy_pct=100.00 active_blocks_per_sm=32 checksum=1.533590483337e-10 max_error=0.000000000000e+00
RESULT kernel=A2_shared block=8x8 length=8.00 nx=801 ny=801 steps=1000 kernel_ms_total=15.819776 kernel_ms_step=0.015820 sim_ms_total=18.287511 bandwidth_GBps=1937.021663 occupancy_pct=100.00 active_blocks_per_sm=32 checksum=1.533590483337e-10 max_error=0.000000000000e+00
RESULT kernel=A1_global block=16x16 length=8.00 nx=801 ny=801 steps=1000 kernel_ms_total=9.880576 kernel_ms_step=0.009881 sim_ms_total=11.703780 bandwidth_GBps=3101.362470 occupancy_pct=100.00 active_blocks_per_sm=8 checksum=1.533590483337e-10 max_error=0.000000000000e+00
RESULT kernel=A2_shared block=16x16 length=8.00 nx=801 ny=801 steps=1000 kernel_ms_total=14.022656 kernel_ms_step=0.014023 sim_ms_total=15.872033 bandwidth_GBps=2185.266973 occupancy_pct=100.00 active_blocks_per_sm=8 checksum=1.533590483337e-10 max_error=0.000000000000e+00
RESULT kernel=A1_global block=32x8 length=8.00 nx=801 ny=801 steps=1000 kernel_ms_total=9.023488 kernel_ms_step=0.009023 sim_ms_total=14.440122 bandwidth_GBps=3395.942661 occupancy_pct=100.00 active_blocks_per_sm=8 checksum=1.533590483337e-10 max_error=0.000000000000e+00
RESULT kernel=A2_shared block=32x8 length=8.00 nx=801 ny=801 steps=1000 kernel_ms_total=13.658112 kernel_ms_step=0.013658 sim_ms_total=15.500481 bandwidth_GBps=2243.593328 occupancy_pct=100.00 active_blocks_per_sm=8 checksum=1.533590483337e-10 max_error=0.000000000000e+00